20:40:04: Creating resource group General
20:40:04: Creating resource group Internal
20:40:04: Creating resource group Autodetect
20:40:04: SceneManagerFactory for type 'DefaultSceneManager' registered.
20:40:04: Registering ResourceManager for type Material
20:40:04: Registering ResourceManager for type Mesh
20:40:04: Registering ResourceManager for type Skeleton
20:40:04: MovableObjectFactory for type 'ParticleSystem' registered.
20:40:04: ArchiveFactory for archive type FileSystem registered.
20:40:04: ArchiveFactory for archive type Zip registered.
20:40:04: ArchiveFactory for archive type EmbeddedZip registered.
20:40:04: DDS codec registering
20:40:04: FreeImage version: 3.15.4
20:40:04: This program uses FreeImage, a free, open source image library supporting all common bitmap formats. See http://freeimage.sourceforge.net for details
20:40:04: Supported formats: bmp,ico,jpg,jif,jpeg,jpe,jng,koa,iff,lbm,mng,pbm,pbm,pcd,pcx,pgm,pgm,png,ppm,ppm,ras,tga,targa,tif,tiff,wap,wbmp,wbm,psd,cut,xbm,xpm,gif,hdr,g3,sgi,exr,j2k,j2c,jp2,pfm,pct,pict,pic,3fr,arw,bay,bmq,cap,cine,cr2,crw,cs1,dc2,dcr,drf,dsc,dng,erf,fff,ia,iiq,k25,kc2,kdc,mdc,mef,mos,mrw,nef,nrw,orf,pef,ptx,pxn,qtk,raf,raw,rdc,rw2,rwl,rwz,sr2,srf,srw,sti
20:40:04: Registering ResourceManager for type HighLevelGpuProgram
20:40:04: Registering ResourceManager for type Compositor
20:40:04: MovableObjectFactory for type 'Entity' registered.
20:40:04: MovableObjectFactory for type 'Light' registered.
20:40:04: MovableObjectFactory for type 'BillboardSet' registered.
20:40:04: MovableObjectFactory for type 'ManualObject' registered.
20:40:04: MovableObjectFactory for type 'BillboardChain' registered.
20:40:04: MovableObjectFactory for type 'RibbonTrail' registered.
20:40:04: Loading library /usr/local/lib/OGRE/RenderSystem_GL
20:40:04: Installing plugin: GL RenderSystem
20:40:04: OpenGL Rendering Subsystem created.
20:40:04: Plugin successfully installed
20:40:04: Loading library /usr/local/lib/OGRE/Plugin_ParticleFX
20:40:04: Installing plugin: ParticleFX
20:40:04: Particle Emitter Type 'Point' registered
20:40:04: Particle Emitter Type 'Box' registered
20:40:04: Particle Emitter Type 'Ellipsoid' registered
20:40:04: Particle Emitter Type 'Cylinder' registered
20:40:04: Particle Emitter Type 'Ring' registered
20:40:04: Particle Emitter Type 'HollowEllipsoid' registered
20:40:04: Particle Affector Type 'LinearForce' registered
20:40:04: Particle Affector Type 'ColourFader' registered
20:40:04: Particle Affector Type 'ColourFader2' registered
20:40:04: Particle Affector Type 'ColourImage' registered
20:40:04: Particle Affector Type 'ColourInterpolator' registered
20:40:04: Particle Affector Type 'Scaler' registered
20:40:04: Particle Affector Type 'Rotator' registered
20:40:04: Particle Affector Type 'DirectionRandomiser' registered
20:40:04: Particle Affector Type 'DeflectorPlane' registered
20:40:04: Plugin successfully installed
20:40:04: Loading library /usr/local/lib/OGRE/Plugin_BSPSceneManager
20:40:04: Installing plugin: BSP Scene Manager
20:40:04: Plugin successfully installed
20:40:04: Loading library /usr/local/lib/OGRE/Plugin_CgProgramManager
20:40:04: Installing plugin: Cg Program Manager
20:40:04: Plugin successfully installed
20:40:04: Loading library /usr/local/lib/OGRE/Plugin_PCZSceneManager
20:40:04: Installing plugin: Portal Connected Zone Scene Manager
20:40:04: PCZone Factory Type 'ZoneType_Default' registered
20:40:04: Plugin successfully installed
20:40:04: Loading library /usr/local/lib/OGRE/Plugin_OctreeZone
20:40:04: Installing plugin: Octree Zone Factory
20:40:04: Plugin successfully installed
20:40:04: Loading library /usr/local/lib/OGRE/Plugin_OctreeSceneManager
20:40:04: Installing plugin: Octree Scene Manager
20:40:04: Plugin successfully installed
20:40:04: *-*-* OGRE Initialising
20:40:04: *-*-* Version 1.9.0 (Ghadamon)
20:40:04: Creating resource group Essential
20:40:04: Added resource location './media/packs/SdkTrays.zip' of type 'Zip' to resource group 'Essential'
20:40:04: Added resource location './media' of type 'FileSystem' to resource group 'General'
20:40:04: Added resource location './media/materials/scripts' of type 'FileSystem' to resource group 'General'
20:40:04: Added resource location './media/materials/textures' of type 'FileSystem' to resource group 'General'
20:40:04: Added resource location './media/models' of type 'FileSystem' to resource group 'General'
20:40:06: CPU Identifier & Features
20:40:06: -------------------------
20:40:06:  *   CPU ID: GenuineIntel: Intel(R) Core(TM)2 Duo CPU     E8300  @ 2.83GHz
20:40:06:  *      SSE: yes
20:40:06:  *     SSE2: yes
20:40:06:  *     SSE3: yes
20:40:06:  *      MMX: yes
20:40:06:  *   MMXEXT: yes
20:40:06:  *    3DNOW: no
20:40:06:  * 3DNOWEXT: no
20:40:06:  *     CMOV: yes
20:40:06:  *      TSC: yes
20:40:06:  *      FPU: yes
20:40:06:  *      PRO: yes
20:40:06:  *       HT: no
20:40:06: -------------------------
20:40:06: ******************************
*** Starting GLX Subsystem ***
******************************
20:40:06: Registering ResourceManager for type Texture
20:40:06: GLRenderSystem::_createRenderWindow "TutorialApplication Render Window", 1280x1024 fullscreen  miscParams: FSAA=0 displayFrequency=60 Hz gamma=No vsync=No 
20:40:06: GLXWindow::create used FBConfigID = 178
20:40:06: GL_VERSION = 3.0 Mesa 10.1.3
20:40:06: GL_VENDOR = X.Org
20:40:06: GL_RENDERER = Gallium 0.4 on AMD RV620
20:40:06: GL_EXTENSIONS = GL_ARB_multisample GL_EXT_abgr GL_EXT_bgra GL_EXT_blend_color GL_EXT_blend_minmax GL_EXT_blend_subtract GL_EXT_copy_texture GL_EXT_polygon_offset GL_EXT_subtexture GL_EXT_texture_object GL_EXT_vertex_array GL_EXT_compiled_vertex_array GL_EXT_texture GL_EXT_texture3D GL_IBM_rasterpos_clip GL_ARB_point_parameters GL_EXT_draw_range_elements GL_EXT_packed_pixels GL_EXT_point_parameters GL_EXT_rescale_normal GL_EXT_separate_specular_color GL_EXT_texture_edge_clamp GL_SGIS_generate_mipmap GL_SGIS_texture_border_clamp GL_SGIS_texture_edge_clamp GL_SGIS_texture_lod GL_ARB_framebuffer_sRGB GL_ARB_multitexture GL_EXT_framebuffer_sRGB GL_IBM_multimode_draw_arrays GL_IBM_texture_mirrored_repeat GL_ARB_texture_cube_map GL_ARB_texture_env_add GL_ARB_transpose_matrix GL_EXT_blend_func_separate GL_EXT_fog_coord GL_EXT_multi_draw_arrays GL_EXT_secondary_color GL_EXT_texture_env_add GL_EXT_texture_filter_anisotropic GL_EXT_texture_lod_bias GL_INGR_blend_func_separate GL_NV_blend_square GL_NV_light_max_exponent GL_NV_texgen_reflection GL_NV_texture_env_combine4 GL_S3_s3tc GL_SUN_multi_draw_arrays GL_ARB_texture_border_clamp GL_ARB_texture_compression GL_EXT_framebuffer_object GL_EXT_texture_compression_s3tc GL_EXT_texture_env_combine GL_EXT_texture_env_dot3 GL_MESA_window_pos GL_NV_packed_depth_stencil GL_NV_texture_rectangle GL_ARB_depth_texture GL_ARB_occlusion_query GL_ARB_shadow GL_ARB_texture_env_combine GL_ARB_texture_env_crossbar GL_ARB_texture_env_dot3 GL_ARB_texture_mirrored_repeat GL_ARB_window_pos GL_EXT_stencil_two_side GL_EXT_texture_cube_map GL_NV_depth_clamp GL_NV_fog_distance GL_APPLE_packed_pixels GL_APPLE_vertex_array_object GL_ARB_draw_buffers GL_ARB_fragment_program GL_ARB_fragment_shader GL_ARB_shader_objects GL_ARB_vertex_program GL_ARB_vertex_shader GL_ATI_draw_buffers GL_ATI_texture_env_combine3 GL_ATI_texture_float GL_EXT_shadow_funcs GL_EXT_stencil_wrap GL_MESA_pack_invert GL_NV_primitive_restart GL_ARB_depth_clamp GL_ARB_fragment_program_shadow GL_ARB_half_float_pixel GL_ARB_occlusion_query2 GL_ARB_point_sprite GL_ARB_shading_language_100 GL_ARB_sync GL_ARB_texture_non_power_of_two GL_ARB_vertex_buffer_object GL_ATI_blend_equation_separate GL_EXT_blend_equation_separate GL_OES_read_format GL_ARB_color_buffer_float GL_ARB_pixel_buffer_object GL_ARB_texture_compression_rgtc GL_ARB_texture_float GL_ARB_texture_rectangle GL_ATI_texture_compression_3dc GL_EXT_packed_float GL_EXT_pixel_buffer_object GL_EXT_texture_compression_dxt1 GL_EXT_texture_compression_rgtc GL_EXT_texture_mirror_clamp GL_EXT_texture_rectangle GL_EXT_texture_sRGB GL_EXT_texture_shared_exponent GL_ARB_framebuffer_object GL_EXT_framebuffer_blit GL_EXT_framebuffer_multisample GL_EXT_packed_depth_stencil GL_ARB_vertex_array_object GL_ATI_separate_stencil GL_ATI_texture_mirror_once GL_EXT_draw_buffers2 GL_EXT_draw_instanced GL_EXT_gpu_program_parameters GL_EXT_texture_array GL_EXT_texture_compression_latc GL_EXT_texture_integer GL_EXT_texture_sRGB_decode GL_EXT_timer_query GL_OES_EGL_image GL_ARB_copy_buffer GL_ARB_depth_buffer_float GL_ARB_draw_instanced GL_ARB_half_float_vertex GL_ARB_instanced_arrays GL_ARB_map_buffer_range GL_ARB_texture_rg GL_ARB_texture_swizzle GL_ARB_vertex_array_bgra GL_EXT_texture_swizzle GL_EXT_vertex_array_bgra GL_NV_conditional_render GL_AMD_conservative_depth GL_AMD_draw_buffers_blend GL_AMD_shader_stencil_export GL_ARB_ES2_compatibility GL_ARB_blend_func_extended GL_ARB_debug_output GL_ARB_draw_buffers_blend GL_ARB_draw_elements_base_vertex GL_ARB_explicit_attrib_location GL_ARB_fragment_coord_conventions GL_ARB_provoking_vertex GL_ARB_sampler_objects GL_ARB_seamless_cube_map GL_ARB_shader_stencil_export GL_ARB_shader_texture_lod GL_ARB_texture_multisample GL_ARB_texture_rgb10_a2ui GL_ARB_uniform_buffer_object GL_ARB_vertex_type_2_10_10_10_rev GL_EXT_provoking_vertex GL_EXT_texture_snorm GL_MESA_texture_signed_rgba GL_NV_texture_barrier GL_ARB_get_program_binary GL_ARB_robustness GL_ARB_shader_bit_encoding GL_ARB_timer_query GL_ARB_transform_feedback2 GL_ARB_transform_feedback3 GL_NV_vdpau_interop GL_ANGLE_texture_compression_dxt3 GL_ANGLE_texture_compression_dxt5 GL_ARB_base_instance GL_ARB_conservative_depth GL_ARB_internalformat_query GL_ARB_map_buffer_alignment GL_ARB_shading_language_420pack GL_ARB_shading_language_packing GL_ARB_texture_storage GL_ARB_transform_feedback_instanced GL_EXT_framebuffer_multisample_blit_scaled GL_EXT_transform_feedback GL_AMD_shader_trinary_minmax GL_ARB_clear_buffer_object GL_ARB_invalidate_subdata GL_ARB_texture_storage_multisample GL_ARB_vertex_attrib_binding GL_KHR_debug GL_ARB_texture_mirror_clamp_to_edge GL_ARB_vertex_type_10f_11f_11f_rev 
20:40:06: Supported GLX extensions: GLX_ARB_create_context GLX_ARB_create_context_profile GLX_ARB_fbconfig_float GLX_ARB_framebuffer_sRGB GLX_ARB_get_proc_address GLX_ARB_multisample GLX_EXT_import_context GLX_EXT_visual_info GLX_EXT_visual_rating GLX_EXT_framebuffer_sRGB GLX_EXT_create_context_es2_profile GLX_MESA_copy_sub_buffer GLX_MESA_multithread_makecurrent GLX_MESA_swap_control GLX_OML_swap_method GLX_OML_sync_control GLX_SGI_make_current_read GLX_SGI_swap_control GLX_SGI_video_sync GLX_SGIS_multisample GLX_SGIX_fbconfig GLX_SGIX_pbuffer GLX_SGIX_visual_select_group GLX_EXT_texture_from_pixmap GLX_INTEL_swap_event 
20:40:06: ***************************
20:40:06: *** GL Renderer Started ***
20:40:06: ***************************
20:40:06: Registering ResourceManager for type GpuProgram
20:40:06: GLSL support detected
20:40:06: GL: Using PBuffers for rendering to textures
20:40:06: RenderSystem capabilities
20:40:06: -------------------------
20:40:06: RenderSystem Name: OpenGL Rendering Subsystem
20:40:06: GPU Vendor: unknown
20:40:06: Device Name: Gallium 0.4 on AMD RV620
20:40:06: Driver Version: 3.0.0.0
20:40:06:  * Fixed function pipeline: yes
20:40:06:  * Hardware generation of mipmaps: yes
20:40:06:  * Texture blending: yes
20:40:06:  * Anisotropic texture filtering: yes
20:40:06:  * Dot product texture operation: yes
20:40:06:  * Cube mapping: yes
20:40:06:  * Hardware stencil buffer: yes
20:40:06:    - Stencil depth: 8
20:40:06:    - Two sided stencil support: yes
20:40:06:    - Wrap stencil values: yes
20:40:06:  * Hardware vertex / index buffers: yes
20:40:06:  * 32-bit index buffers: yes
20:40:06:  * Vertex programs: yes
20:40:06:  * Number of floating-point constants for vertex programs: 4096
20:40:06:  * Number of integer constants for vertex programs: 0
20:40:06:  * Number of boolean constants for vertex programs: 0
20:40:06:  * Fragment programs: yes
20:40:06:  * Number of floating-point constants for fragment programs: 4096
20:40:06:  * Number of integer constants for fragment programs: 0
20:40:06:  * Number of boolean constants for fragment programs: 0
20:40:06:  * Geometry programs: no
20:40:06:  * Number of floating-point constants for geometry programs: 0
20:40:06:  * Number of integer constants for geometry programs: 0
20:40:06:  * Number of boolean constants for geometry programs: 0
20:40:06:  * Tesselation Hull programs: no
20:40:06:  * Number of floating-point constants for tesselation hull programs: 0
20:40:06:  * Number of integer constants for tesselation hull programs: 0
20:40:06:  * Number of boolean constants for tesselation hull programs: 0
20:40:06:  * Tesselation Domain programs: no
20:40:06:  * Number of floating-point constants for tesselation domain programs: 0
20:40:06:  * Number of integer constants for tesselation domain programs: 0
20:40:06:  * Number of boolean constants for tesselation domain programs: 0
20:40:06:  * Compute programs: no
20:40:06:  * Number of floating-point constants for compute programs: 0
20:40:06:  * Number of integer constants for compute programs: 0
20:40:06:  * Number of boolean constants for compute programs: 0
20:40:06:  * Supported Shader Profiles: arbfp1 arbvp1 glsl glsl100 glsl110 glsl120
20:40:06:  * Texture Compression: yes
20:40:06:    - DXT: yes
20:40:06:    - VTC: no
20:40:06:    - PVRTC: no
20:40:06:    - ATC: no
20:40:06:    - ETC1: no
20:40:06:    - ETC2: no
20:40:06:    - BC4/BC5: no
20:40:06:    - BC6H/BC7: no
20:40:06:  * Scissor Rectangle: yes
20:40:06:  * Hardware Occlusion Query: yes
20:40:06:  * User clip planes: yes
20:40:06:  * VET_UBYTE4 vertex element type: yes
20:40:06:  * Infinite far plane projection: yes
20:40:06:  * Hardware render-to-texture: yes
20:40:06:  * Floating point textures: yes
20:40:06:  * Non-power-of-two textures: yes
20:40:06:  * 1d textures: yes
20:40:06:  * Volume textures: yes
20:40:06:  * Multiple Render Targets: 1
20:40:06:    - With different bit depths: yes
20:40:06:  * Point Sprites: yes
20:40:06:  * Extended point parameters: yes
20:40:06:  * Max Point Size: 8192
20:40:06:  * Vertex texture fetch: yes
20:40:06:  * Number of world matrices: 0
20:40:06:  * Number of texture units: 16
20:40:06:  * Stencil buffer depth: 8
20:40:06:  * Number of vertex blend matrices: 0
20:40:06:    - Max vertex textures: 16
20:40:06:    - Vertex textures shared: yes
20:40:06:  * Render to Vertex Buffer : no
20:40:06:  * Hardware Atomic Counters: no
20:40:06:  * GL 1.5 without VBO workaround: no
20:40:06:  * Frame Buffer objects: yes
20:40:06:  * Frame Buffer objects (ARB extension): no
20:40:06:  * Frame Buffer objects (ATI extension): no
20:40:06:  * PBuffer support: yes
20:40:06:  * GL 1.5 without HW-occlusion workaround: no
20:40:06:  * Vertex Array Objects: no
20:40:06:  * Separate shader objects: no
20:40:06: DefaultWorkQueue('Root') initialising on thread b6787780.
20:40:06: Particle Renderer Type 'billboard' registered
20:40:06: SceneManagerFactory for type 'BspSceneManager' registered.
20:40:06: Registering ResourceManager for type BspLevel
20:40:06: DefaultWorkQueue('Root')::WorkerFunc - thread b163eb40 starting.
20:40:06: DefaultWorkQueue('Root')::WorkerFunc - thread b1e3fb40 starting.
20:40:06: SceneManagerFactory for type 'PCZSceneManager' registered.
20:40:06: MovableObjectFactory for type 'PCZLight' registered.
20:40:06: MovableObjectFactory for type 'Portal' registered.
20:40:06: MovableObjectFactory for type 'AntiPortal' registered.
20:40:06: PCZone Factory Type 'ZoneType_Octree' registered
20:40:06: SceneManagerFactory for type 'OctreeSceneManager' registered.
20:40:06: OverlayElementFactory for type Panel registered.
20:40:06: OverlayElementFactory for type BorderPanel registered.
20:40:06: OverlayElementFactory for type TextArea registered.
20:40:06: Registering ResourceManager for type Font
20:40:06: Parsing scripts for resource group Autodetect
20:40:06: Finished parsing scripts for resource group Autodetect
20:40:06: Creating resources for group Autodetect
20:40:06: All done
20:40:06: Parsing scripts for resource group Essential
20:40:06: Parsing script SdkTrays.material
20:40:06: Parsing script SdkTrays.fontdef
20:40:06: Parsing script SdkTrays.overlay
20:40:06: Bad element attribute line: '# you can offset the image to change the cursor "hotspot"' for element SdkTrays/Cursor in overlay 
20:40:06: Texture: sdk_cursor.png: Loading 1 faces(PF_A8R8G8B8,32x32x1) with 5 hardware generated mipmaps from Image. Internal format is PF_A8R8G8B8,32x32x1.
20:40:06: Texture: sdk_tray.png: Loading 1 faces(PF_A8R8G8B8,64x64x1) with 5 hardware generated mipmaps from Image. Internal format is PF_A8R8G8B8,64x64x1.
20:40:06: Texture: sdk_button_up.png: Loading 1 faces(PF_A8R8G8B8,128x32x1) with 5 hardware generated mipmaps from Image. Internal format is PF_A8R8G8B8,128x32x1.
20:40:06: Texture: sdk_text_box.png: Loading 1 faces(PF_A8R8G8B8,32x32x1) with 5 hardware generated mipmaps from Image. Internal format is PF_A8R8G8B8,32x32x1.
20:40:06: Texture: sdk_mini_tray.png: Loading 1 faces(PF_A8R8G8B8,32x32x1) with 5 hardware generated mipmaps from Image. Internal format is PF_A8R8G8B8,32x32x1.
20:40:06: Texture: sdk_track.png: Loading 1 faces(PF_A8R8G8B8,16x32x1) with 5 hardware generated mipmaps from Image. Internal format is PF_A8R8G8B8,16x32x1.
20:40:06: Texture: sdk_handle.png: Loading 1 faces(PF_A8R8G8B8,16x16x1) with 4 hardware generated mipmaps from Image. Internal format is PF_A8R8G8B8,16x16x1.
20:40:06: Texture: sdk_mini_text_box.png: Loading 1 faces(PF_A8R8G8B8,32x32x1) with 5 hardware generated mipmaps from Image. Internal format is PF_A8R8G8B8,32x32x1.
20:40:06: Texture: sdk_label.png: Loading 1 faces(PF_A8R8G8B8,32x32x1) with 5 hardware generated mipmaps from Image. Internal format is PF_A8R8G8B8,32x32x1.
20:40:06: Texture: sdk_separator.png: Loading 1 faces(PF_A8R8G8B8,64x16x1) with 5 hardware generated mipmaps from Image. Internal format is PF_A8R8G8B8,64x16x1.
20:40:06: Texture: sdk_logo.png: Loading 1 faces(PF_A8R8G8B8,128x64x1) with 5 hardware generated mipmaps from Image. Internal format is PF_A8R8G8B8,128x64x1.
20:40:06: Texture: sdk_shade.png: Loading 1 faces(PF_A8R8G8B8,64x48x1) with 5 hardware generated mipmaps from Image. Internal format is PF_A8R8G8B8,64x48x1.
20:40:06: Texture: sdk_frame.png: Loading 1 faces(PF_A8R8G8B8,32x32x1) with 5 hardware generated mipmaps from Image. Internal format is PF_A8R8G8B8,32x32x1.
20:40:06: Texture: sdk_mini_text_box_over.png: Loading 1 faces(PF_A8R8G8B8,32x32x1) with 5 hardware generated mipmaps from Image. Internal format is PF_A8R8G8B8,32x32x1.
20:40:06: Texture: sdk_pulse.png: Loading 1 faces(PF_R8G8B8,8x1x1) with 3 hardware generated mipmaps from Image. Internal format is PF_X8R8G8B8,8x1x1.
20:40:06: Finished parsing scripts for resource group Essential
20:40:06: Creating resources for group Essential
20:40:06: All done
20:40:06: Parsing scripts for resource group General
20:40:06: Parsing script Ogre.material
20:40:06: Finished parsing scripts for resource group General
20:40:06: Creating resources for group General
20:40:06: All done
20:40:06: Parsing scripts for resource group Internal
20:40:06: Finished parsing scripts for resource group Internal
20:40:06: Creating resources for group Internal
20:40:06: All done
20:40:06: Mesh: Loading ogrehead.mesh.
20:40:06: WARNING: ogrehead.mesh is an older format ([MeshSerializer_v1.41]); you should upgrade it as soon as possible using the OgreMeshUpgrade tool.
20:40:06: Texture: GreenSkin.jpg: Loading 1 faces(PF_R8G8B8,256x256x1) with 5 hardware generated mipmaps from Image. Internal format is PF_X8R8G8B8,256x256x1.
20:40:06: Texture: spheremap.png: Loading 1 faces(PF_R8G8B8,256x256x1) with 5 hardware generated mipmaps from Image. Internal format is PF_X8R8G8B8,256x256x1.
20:40:06: Texture: tusk.jpg: Loading 1 faces(PF_R8G8B8,96x96x1) with 5 hardware generated mipmaps from Image. Internal format is PF_X8R8G8B8,96x96x1.
20:40:06: *** Initializing OIS ***
20:40:06: Font SdkTrays/Caption using texture size 512x256
20:40:06: Info: Freetype returned null for character 160 in font SdkTrays/Caption
20:40:06: Texture: SdkTrays/CaptionTexture: Loading 1 faces(PF_BYTE_LA,512x256x1) Internal format is PF_BYTE_LA,512x256x1.
20:40:06: Font SdkTrays/Value using texture size 512x256
20:40:06: Info: Freetype returned null for character 127 in font SdkTrays/Value
20:40:06: Info: Freetype returned null for character 128 in font SdkTrays/Value
20:40:06: Info: Freetype returned null for character 129 in font SdkTrays/Value
20:40:06: Info: Freetype returned null for character 130 in font SdkTrays/Value
20:40:06: Info: Freetype returned null for character 131 in font SdkTrays/Value
20:40:06: Info: Freetype returned null for character 132 in font SdkTrays/Value
20:40:06: Info: Freetype returned null for character 133 in font SdkTrays/Value
20:40:06: Info: Freetype returned null for character 134 in font SdkTrays/Value
20:40:06: Info: Freetype returned null for character 135 in font SdkTrays/Value
20:40:06: Info: Freetype returned null for character 136 in font SdkTrays/Value
20:40:06: Info: Freetype returned null for character 137 in font SdkTrays/Value
20:40:06: Info: Freetype returned null for character 138 in font SdkTrays/Value
20:40:06: Info: Freetype returned null for character 139 in font SdkTrays/Value
20:40:06: Info: Freetype returned null for character 140 in font SdkTrays/Value
20:40:06: Info: Freetype returned null for character 141 in font SdkTrays/Value
20:40:06: Info: Freetype returned null for character 142 in font SdkTrays/Value
20:40:06: Info: Freetype returned null for character 143 in font SdkTrays/Value
20:40:06: Info: Freetype returned null for character 144 in font SdkTrays/Value
20:40:06: Info: Freetype returned null for character 145 in font SdkTrays/Value
20:40:06: Info: Freetype returned null for character 146 in font SdkTrays/Value
20:40:06: Info: Freetype returned null for character 147 in font SdkTrays/Value
20:40:06: Info: Freetype returned null for character 148 in font SdkTrays/Value
20:40:06: Info: Freetype returned null for character 149 in font SdkTrays/Value
20:40:06: Info: Freetype returned null for character 150 in font SdkTrays/Value
20:40:06: Info: Freetype returned null for character 151 in font SdkTrays/Value
20:40:06: Info: Freetype returned null for character 152 in font SdkTrays/Value
20:40:06: Info: Freetype returned null for character 153 in font SdkTrays/Value
20:40:06: Info: Freetype returned null for character 154 in font SdkTrays/Value
20:40:06: Info: Freetype returned null for character 155 in font SdkTrays/Value
20:40:06: Info: Freetype returned null for character 156 in font SdkTrays/Value
20:40:06: Info: Freetype returned null for character 157 in font SdkTrays/Value
20:40:06: Info: Freetype returned null for character 158 in font SdkTrays/Value
20:40:06: Info: Freetype returned null for character 159 in font SdkTrays/Value
20:40:06: Info: Freetype returned null for character 160 in font SdkTrays/Value
20:40:06: Texture: SdkTrays/ValueTexture: Loading 1 faces(PF_BYTE_LA,512x256x1) Internal format is PF_BYTE_LA,512x256x1.
20:40:18: DefaultWorkQueue('Root') shutting down on thread b6787780.
20:40:18: DefaultWorkQueue('Root')::WorkerFunc - thread b1e3fb40 stopped.
20:40:18: DefaultWorkQueue('Root')::WorkerFunc - thread b163eb40 stopped.
20:40:18: PCZone Factory Type 'ZoneType_Octree' unregistered
20:40:18: Unregistering ResourceManager for type BspLevel
20:40:18: *-*-* OGRE Shutdown
20:40:18: Unregistering ResourceManager for type Compositor
20:40:18: Unregistering ResourceManager for type Skeleton
20:40:18: Unregistering ResourceManager for type Mesh
20:40:18: Unregistering ResourceManager for type HighLevelGpuProgram
20:40:18: Uninstalling plugin: Octree Scene Manager
20:40:18: Plugin successfully uninstalled
20:40:18: Unloading library /usr/local/lib/OGRE/Plugin_OctreeSceneManager
20:40:18: Uninstalling plugin: Octree Zone Factory
20:40:18: Plugin successfully uninstalled
20:40:18: Unloading library /usr/local/lib/OGRE/Plugin_OctreeZone
20:40:18: Uninstalling plugin: Portal Connected Zone Scene Manager
20:40:18: Plugin successfully uninstalled
20:40:18: Unloading library /usr/local/lib/OGRE/Plugin_PCZSceneManager
20:40:18: Uninstalling plugin: Cg Program Manager
20:40:18: Plugin successfully uninstalled
20:40:18: Unloading library /usr/local/lib/OGRE/Plugin_CgProgramManager
20:40:18: Uninstalling plugin: BSP Scene Manager
20:40:18: Plugin successfully uninstalled
20:40:18: Unloading library /usr/local/lib/OGRE/Plugin_BSPSceneManager
20:40:18: Uninstalling plugin: ParticleFX
20:40:18: Plugin successfully uninstalled
20:40:18: Unloading library /usr/local/lib/OGRE/Plugin_ParticleFX
20:40:18: Uninstalling plugin: GL RenderSystem
20:40:18: Unregistering ResourceManager for type GpuProgram
20:40:18: ******************************
*** Stopping GLX Subsystem ***
******************************
20:40:18: Unregistering ResourceManager for type Texture
20:40:18: Plugin successfully uninstalled
20:40:18: Unloading library /usr/local/lib/OGRE/RenderSystem_GL
20:40:18: Unregistering ResourceManager for type Material
